<?xml version="1.0" encoding="UTF-8"?>
<!-- Generated by org.testng.reporters.JUnitXMLReporter -->
<testsuite ignored="0" hostname="Swapnil" failures="0" tests="3" name="Default test" time="43.386" errors="0" timestamp="2024-02-06T15:41:16 EST">
  <testcase classname="com.fdmgroup.testcases.DummyTest" name="LoginTest" time="2.973"/>
  <testcase classname="com.fdmgroup.testcases.DummyTest" name="LoginTest" time="3.395"/>
  <testcase classname="com.fdmgroup.testcases.DummyTest" name="LoginTest" time="3.314"/>
</testsuite> <!-- Default test -->
