<?xml version="1.0" encoding="UTF-8"?>
<!-- Generated by org.testng.reporters.JUnitXMLReporter -->
<testsuite ignored="2" hostname="Swapnil" failures="0" tests="1" name="All Test" time="34.462" errors="0" timestamp="2024-02-05T15:07:53 EST">
  <testcase classname="com.fdmgroup.testcases.RegisterTest" name="RegisterUserTest" time="19.988"/>
  <testcase classname="com.fdmgroup.testcases.RegisterTest" name="LoginSmokeTest" time="0.0">
    <ignored/>
  </testcase> <!-- LoginSmokeTest -->
  <testcase classname="com.fdmgroup.testcases.RegisterTest" name="RegisterSmokeTest" time="0.0">
    <ignored/>
  </testcase> <!-- RegisterSmokeTest -->
</testsuite> <!-- All Test -->
