<?xml version="1.0" encoding="UTF-8"?>
<!-- Generated by org.testng.reporters.JUnitXMLReporter -->
<testsuite ignored="0" hostname="Swapnil" failures="0" tests="3" name="All" time="50.871" errors="0" timestamp="2024-02-06T15:03:31 EST">
  <testcase classname="com.fdmgroup.testcases.RegisterTest" name="LoginSmokeTest" time="2.418"/>
  <testcase classname="com.fdmgroup.testcases.RegisterTest" name="RegisterSmokeTest" time="3.212"/>
  <testcase classname="com.fdmgroup.testcases.RegisterTest" name="RegisterUserTest" time="15.334"/>
</testsuite> <!-- All -->
