<?xml version="1.0" encoding="UTF-8"?>
<!-- Generated by org.testng.reporters.JUnitXMLReporter -->
<testsuite ignored="1" hostname="Swapnil" failures="0" tests="2" name="Smoke Test" time="57.551" errors="0" timestamp="2024-02-05T15:08:51 EST">
  <testcase classname="com.fdmgroup.testcases.RegisterTest" name="LoginSmokeTest" time="2.344"/>
  <testcase classname="com.fdmgroup.testcases.RegisterTest" name="RegisterUserTest" time="19.337"/>
  <testcase classname="com.fdmgroup.testcases.RegisterTest" name="RegisterSmokeTest" time="0.0">
    <ignored/>
  </testcase> <!-- RegisterSmokeTest -->
</testsuite> <!-- Smoke Test -->
