<?xml version="1.0" encoding="UTF-8"?>
<!-- Generated by org.testng.reporters.JUnitXMLReporter -->
<testsuite ignored="1" hostname="Swapnil" failures="0" tests="2" name="Smoke Test" time="43.445" errors="0" timestamp="2024-02-06T11:31:39 EST">
  <testcase classname="com.fdmgroup.testcases.RegisterTest" name="LoginSmokeTest" time="1.764"/>
  <testcase classname="com.fdmgroup.testcases.RegisterTest" name="RegisterUserTest" time="16.947"/>
  <testcase classname="com.fdmgroup.testcases.RegisterTest" name="RegisterSmokeTest" time="0.0">
    <ignored/>
  </testcase> <!-- RegisterSmokeTest -->
</testsuite> <!-- Smoke Test -->
