<?xml version="1.0" encoding="UTF-8"?>
<!-- Generated by org.testng.reporters.JUnitXMLReporter -->
<testsuite ignored="0" hostname="Swapnil" failures="0" tests="5" name="Test" time="79.675" errors="0" timestamp="2024-02-05T13:49:48 EST">
  <testcase classname="com.fdmgroup.testcases.RegisterTest" name="LoginSmokeTest" time="1.636"/>
  <testcase classname="com.fdmgroup.testcases.RegisterTest" name="Logintest" time="14.303"/>
  <testcase classname="com.fdmgroup.testcases.RegisterTest" name="RegisterSmokeTest" time="2.815"/>
  <testcase classname="com.fdmgroup.testcases.SmokeTest" name="LoginSmokeTest" time="1.389"/>
  <testcase classname="com.fdmgroup.testcases.SmokeTest" name="RegisterSmokeTest" time="2.868"/>
</testsuite> <!-- Test -->
