<?xml version="1.0" encoding="UTF-8"?>
<testng-results ignored="0" total="3" passed="3" failed="0" skipped="0">
  <reporter-output>
  </reporter-output>
  <suite started-at="2024-02-05T15:07:19 EST" name="Suite" finished-at="2024-02-05T15:08:51 EST" duration-ms="92089">
    <groups>
      <group name="All">
        <method signature="RegisterTest.RegisterUserTest()[pri:0, instance:com.fdmgroup.testcases.RegisterTest@3c19aaa5]" name="RegisterUserTest" class="com.fdmgroup.testcases.RegisterTest"/>
        <method signature="RegisterTest.RegisterUserTest()[pri:0, instance:com.fdmgroup.testcases.RegisterTest@3fc2959f]" name="RegisterUserTest" class="com.fdmgroup.testcases.RegisterTest"/>
      </group> <!-- All -->
      <group name="Smoke">
        <method signature="RegisterTest.LoginSmokeTest()[pri:0, instance:com.fdmgroup.testcases.RegisterTest@3fc2959f]" name="LoginSmokeTest" class="com.fdmgroup.testcases.RegisterTest"/>
      </group> <!-- Smoke -->
    </groups>
    <test started-at="2024-02-05T15:07:19 EST" name="All Test" finished-at="2024-02-05T15:07:53 EST" duration-ms="34462">
      <class name="com.fdmgroup.testcases.RegisterTest">
        <test-method is-config="true" signature="ConfigureAppium()[pri:0, instance:com.fdmgroup.testcases.RegisterTest@3c19aaa5]" started-at="2024-02-05T15:07:19 EST" name="ConfigureAppium" finished-at="2024-02-05T15:07:32 EST" duration-ms="13636" status="PASS">
          <reporter-output>
          </reporter-output>
        </test-method> <!-- ConfigureAppium -->
        <test-method signature="RegisterUserTest()[pri:0, instance:com.fdmgroup.testcases.RegisterTest@3c19aaa5]" started-at="2024-02-05T15:07:32 EST" name="RegisterUserTest" finished-at="2024-02-05T15:07:52 EST" duration-ms="19988" status="PASS">
          <reporter-output>
          </reporter-output>
        </test-method> <!-- RegisterUserTest -->
        <test-method is-config="true" signature="tearDown()[pri:0, instance:com.fdmgroup.testcases.RegisterTest@3c19aaa5]" started-at="2024-02-05T15:07:52 EST" name="tearDown" finished-at="2024-02-05T15:07:53 EST" duration-ms="787" status="PASS">
          <reporter-output>
          </reporter-output>
        </test-method> <!-- tearDown -->
      </class> <!-- com.fdmgroup.testcases.RegisterTest -->
    </test> <!-- All Test -->
    <test started-at="2024-02-05T15:07:53 EST" name="Smoke Test" finished-at="2024-02-05T15:08:51 EST" duration-ms="57551">
      <class name="com.fdmgroup.testcases.RegisterTest">
        <test-method is-config="true" signature="ConfigureAppium()[pri:0, instance:com.fdmgroup.testcases.RegisterTest@3fc2959f]" started-at="2024-02-05T15:07:53 EST" name="ConfigureAppium" finished-at="2024-02-05T15:08:14 EST" duration-ms="20525" status="PASS">
          <reporter-output>
          </reporter-output>
        </test-method> <!-- ConfigureAppium -->
        <test-method signature="LoginSmokeTest()[pri:0, instance:com.fdmgroup.testcases.RegisterTest@3fc2959f]" started-at="2024-02-05T15:08:14 EST" name="LoginSmokeTest" finished-at="2024-02-05T15:08:16 EST" duration-ms="2344" status="PASS">
          <reporter-output>
          </reporter-output>
        </test-method> <!-- LoginSmokeTest -->
        <test-method is-config="true" signature="tearDown()[pri:0, instance:com.fdmgroup.testcases.RegisterTest@3fc2959f]" started-at="2024-02-05T15:08:16 EST" name="tearDown" finished-at="2024-02-05T15:08:17 EST" duration-ms="1067" status="PASS">
          <reporter-output>
          </reporter-output>
        </test-method> <!-- tearDown -->
        <test-method is-config="true" signature="ConfigureAppium()[pri:0, instance:com.fdmgroup.testcases.RegisterTest@3fc2959f]" started-at="2024-02-05T15:08:17 EST" name="ConfigureAppium" finished-at="2024-02-05T15:08:31 EST" duration-ms="13520" status="PASS">
          <reporter-output>
          </reporter-output>
        </test-method> <!-- ConfigureAppium -->
        <test-method signature="RegisterUserTest()[pri:0, instance:com.fdmgroup.testcases.RegisterTest@3fc2959f]" started-at="2024-02-05T15:08:31 EST" name="RegisterUserTest" finished-at="2024-02-05T15:08:50 EST" duration-ms="19337" status="PASS">
          <reporter-output>
          </reporter-output>
        </test-method> <!-- RegisterUserTest -->
        <test-method is-config="true" signature="tearDown()[pri:0, instance:com.fdmgroup.testcases.RegisterTest@3fc2959f]" started-at="2024-02-05T15:08:50 EST" name="tearDown" finished-at="2024-02-05T15:08:51 EST" duration-ms="750" status="PASS">
          <reporter-output>
          </reporter-output>
        </test-method> <!-- tearDown -->
      </class> <!-- com.fdmgroup.testcases.RegisterTest -->
    </test> <!-- Smoke Test -->
  </suite> <!-- Suite -->
</testng-results>
